 
cpldfit:  version P.20131013                        Xilinx Inc.
                                  Fitter Report
Design Name: ElectronAP5                         Date:  1-13-2022, 10:25AM
Device Used: XC9572XL-5-TQ100
Fitting Status: Successful

*************************  Mapped Resource Summary  **************************

Macrocells     Product Terms    Function Block   Registers      Pins           
Used/Tot       Used/Tot         Inps Used/Tot    Used/Tot       Used/Tot       
47 /72  ( 65%) 141 /360  ( 39%) 112/216 ( 52%)   26 /72  ( 36%) 61 /72  ( 85%)

** Function Block Resources **

Function    Mcells      FB Inps     Pterms      IO          
Block       Used/Tot    Used/Tot    Used/Tot    Used/Tot    
FB1          15/18       34/54       54/90      17/18
FB2           9/18       22/54       26/90      18/18*
FB3          13/18       39/54       38/90      12/18
FB4          10/18       17/54       23/90      14/18
             -----       -----       -----      -----    
             47/72      112/216     141/360     61/72 

* - Resource is exhausted

** Global Control Resources **

Signal 'CLK16MHz' mapped onto global clock net GCK2.
Signal 'Phi0' mapped onto global clock net GCK3.
Global output enable net(s) unused.
Global set/reset net(s) unused.

** Pin Resources **

Signal Type    Required     Mapped  |  Pin Type            Used    Total 
------------------------------------|------------------------------------
Input         :   27          27    |  I/O              :    55      66
Output        :   24          24    |  GCK/IO           :     3       3
Bidirectional :    8           8    |  GTS/IO           :     2       2
GCK           :    2           2    |  GSR/IO           :     1       1
GTS           :    0           0    |
GSR           :    0           0    |
                 ----        ----
        Total     61          61

** Power Data **

There are 0 macrocells in high performance mode (MCHP).
There are 47 macrocells in low power mode (MCLP).
End of Mapped Resource Summary
**************************  Errors and Warnings  ***************************

WARNING:Cpld - Unable to retrieve the path to the iSE Project Repository. Will
   use the default filename of 'ElectronAP5.ise'.
*************************  Summary of Mapped Logic  ************************

** 32 Outputs **

Signal              Total Total Loc     Pin  Pin     Pin     Pwr  Slew Reg Init
Name                Pts   Inps          No.  Type    Use     Mode Rate State
D<7>                4     13    FB1_1   16   I/O     I/O     LOW  SLOW RESET
nCE1                4     9     FB1_2   13   I/O     O       LOW  SLOW 
D<6>                4     13    FB1_3   18   I/O     I/O     LOW  SLOW RESET
nCE2                5     9     FB1_5   14   I/O     O       LOW  SLOW 
D<5>                4     13    FB1_7   25   I/O     I/O     LOW  SLOW RESET
D<1>                4     13    FB1_10  28   I/O     I/O     LOW  SLOW RESET
D<4>                4     13    FB1_15  29   I/O     I/O     LOW  SLOW RESET
D<2>                4     13    FB1_17  30   I/O     I/O     LOW  SLOW RESET
BnRST               1     1     FB2_1   87   I/O     O       LOW  SLOW 
S1RnW               4     12    FB2_2   94   I/O     O       LOW  SLOW 
nOE13               1     1     FB2_3   91   I/O     O       LOW  SLOW 
A14ROMS             7     11    FB2_4   93   I/O     O       LOW  SLOW 
S2RnW               9     15    FB2_5   95   I/O     O       LOW  SLOW 
nFCBx               1     5     FB2_6   96   I/O     O       LOW  SLOW 
nOE1                1     1     FB2_15  11   I/O     O       LOW  SLOW 
nOE2                1     1     FB2_16  10   I/O     O       LOW  SLOW 
BRnW13              1     3     FB2_18  92   I/O     O       LOW  SLOW 
D<3>                4     13    FB3_2   32   I/O     I/O     LOW  SLOW RESET
nCE13               1     2     FB3_3   49   I/O     O       LOW  SLOW 
D<0>                4     13    FB3_5   35   I/O     I/O     LOW  SLOW RESET
A14ROM13            3     27    FB3_9   42   I/O     O       LOW  SLOW RESET
nNMI                1     1     FB3_10  60   I/O     O       LOW  SLOW 
BnPFC               4     5     FB4_4   72   I/O     O       LOW  SLOW 
B1MHz               5     9     FB4_6   76   I/O     O       LOW  SLOW RESET
BnPFD               1     1     FB4_7   77   I/O     O       LOW  SLOW 
BRnW                1     1     FB4_11  74   I/O     O       LOW  SLOW 
nSELA               1     6     FB4_13  85   I/O     O       LOW  SLOW 
DIRA                1     1     FB4_14  78   I/O     O       LOW  SLOW 
nSELT               1     5     FB4_15  89   I/O     O       LOW  SLOW 
nSELB               5     6     FB4_16  86   I/O     O       LOW  SLOW 
Phi0Out             3     6     FB4_17  90   I/O     O       LOW  SLOW RESET
BnRW                1     1     FB4_18  79   I/O     O       LOW  SLOW 

** 15 Buried Nodes **

Signal              Total Total Loc     Pwr  Reg Init
Name                Pts   Inps          Mode State
syncCount<0>        1     6     FB1_9   LOW  RESET
pstate<2>           2     5     FB1_11  LOW  RESET
syncCount<1>        3     7     FB1_12  LOW  RESET
pstate<3>           3     5     FB1_13  LOW  RESET
syncCount<2>        4     8     FB1_14  LOW  RESET
pstate<1>           4     5     FB1_16  LOW  RESET
pstate<0>           4     5     FB1_18  LOW  RESET
NMID                2     2     FB3_11  LOW  RESET
bankCount<1>        3     27    FB3_12  LOW  RESET
bankCount<0>        3     27    FB3_13  LOW  RESET
bank<1>             3     29    FB3_14  LOW  RESET
bank<0>             3     29    FB3_15  LOW  RESET
CEN                 3     12    FB3_16  LOW  RESET
BEN                 4     13    FB3_17  LOW  RESET
AEN                 4     13    FB3_18  LOW  RESET

** 29 Inputs **

Signal              Loc     Pin  Pin     Pin     
Name                        No.  Type    Use     
A<3>                FB1_4   20   I/O     I
A<1>                FB1_6   15   I/O     I
A<0>                FB1_8   17   I/O     I
RnW                 FB1_9   22   GCK/I/O I
CLK16MHz            FB1_11  23   GCK/I/O GCK
A<2>                FB1_12  33   I/O     I
LKD13               FB1_13  36   I/O     I
Phi0                FB1_14  27   GCK/I/O GCK/I
A<12>               FB1_18  40   I/O     I
A<6>                FB2_7   3    GTS/I/O I
A<13>               FB2_8   97   I/O     I
A<7>                FB2_9   99   GSR/I/O I
A<8>                FB2_10  1    I/O     I
A<9>                FB2_11  4    GTS/I/O I
A<5>                FB2_12  6    I/O     I
A<11>               FB2_13  8    I/O     I
A<4>                FB2_14  9    I/O     I
A<10>               FB2_17  12   I/O     I
nROM13              FB3_4   50   I/O     I
LKD02               FB3_8   37   I/O     I
nPFC                FB3_12  61   I/O     I
nPFD                FB3_13  63   I/O     I
QA                  FB3_16  64   I/O     I
nROE                FB3_17  58   I/O     I
nRST                FB3_18  59   I/O     I
MJ0                 FB4_2   67   I/O     I
nNMI1MHz            FB4_3   71   I/O     I
MJ1                 FB4_5   68   I/O     I
SPARE               FB4_8   70   I/O     I

Legend:
Pin No. - ~ - User Assigned
**************************  Function Block Details  ************************
Legend:
Total Pt     - Total product terms used by the macrocell signal
Imp Pt       - Product terms imported from other macrocells
Exp Pt       - Product terms exported to other macrocells
               in direction shown
Unused Pt    - Unused local product terms remaining in macrocell
Loc          - Location where logic was mapped in device
Pin Type/Use - I  - Input             GCK - Global Clock
               O  - Output            GTS - Global Output Enable
              (b) - Buried macrocell  GSR - Global Set/Reset
X            - Signal used as input to the macrocell logic.
Pin No.      - ~  - User Assigned
*********************************** FB1  ***********************************
Number of function block inputs used/remaining:               34/20
Number of signals used by logic mapping into function block:  34
Signal              Total   Imp   Exp Unused  Loc     Pin   Pin     Pin
Name                Pt      Pt    Pt  Pt               #    Type    Use
D<7>                  4       0     0   1     FB1_1   16    I/O     I/O
nCE1                  4       0     0   1     FB1_2   13    I/O     O
D<6>                  4       0     0   1     FB1_3   18    I/O     I/O
(unused)              0       0     0   5     FB1_4   20    I/O     I
nCE2                  5       0     0   0     FB1_5   14    I/O     O
(unused)              0       0     0   5     FB1_6   15    I/O     I
D<5>                  4       0     0   1     FB1_7   25    I/O     I/O
(unused)              0       0     0   5     FB1_8   17    I/O     I
syncCount<0>          1       0     0   4     FB1_9   22    GCK/I/O I
D<1>                  4       0     0   1     FB1_10  28    I/O     I/O
pstate<2>             2       0     0   3     FB1_11  23    GCK/I/O GCK
syncCount<1>          3       0     0   2     FB1_12  33    I/O     I
pstate<3>             3       0     0   2     FB1_13  36    I/O     I
syncCount<2>          4       0     0   1     FB1_14  27    GCK/I/O GCK/I
D<4>                  4       0     0   1     FB1_15  29    I/O     I/O
pstate<1>             4       0     0   1     FB1_16  39    I/O     (b)
D<2>                  4       0     0   1     FB1_17  30    I/O     I/O
pstate<0>             4       0     0   1     FB1_18  40    I/O     I

Signals Used by Logic in Function Block
  1: A<0>              13: A<9>              24: QA 
  2: A<10>             14: RnW               25: nPFC 
  3: A<11>             15: MJ0               26: nROE 
  4: A<12>             16: MJ1               27: nRST 
  5: A<13>             17: D<7>.PIN          28: pstate<0> 
  6: A<1>              18: D<6>.PIN          29: pstate<1> 
  7: A<2>              19: D<5>.PIN          30: pstate<2> 
  8: A<3>              20: D<4>.PIN          31: pstate<3> 
  9: A<4>              21: D<2>.PIN          32: syncCount<0> 
 10: A<5>              22: D<1>.PIN          33: syncCount<1> 
 11: A<6>              23: Phi0              34: syncCount<2> 
 12: A<7>             

Signal                        1         2         3         4 FB
Name                0----+----0----+----0----+----0----+----0 Inputs
D<7>                 X....XXXXXXX.X..X.....X.X.X............. 13
nCE1                 .XXXX.......X.XX.......X.X.............. 9
D<6>                 X....XXXXXXX.X...X....X.X.X............. 13
nCE2                 .XXXX.......X.XX.......X.X.............. 9
D<5>                 X....XXXXXXX.X....X...X.X.X............. 13
syncCount<0>         ......................X....XXXXX........ 6
D<1>                 X....XXXXXXX.X.......XX.X.X............. 13
pstate<2>            ......................X....XXXX......... 5
syncCount<1>         ......................X....XXXXXX....... 7
pstate<3>            ......................X....XXXX......... 5
syncCount<2>         ......................X....XXXXXXX...... 8
D<4>                 X....XXXXXXX.X.....X..X.X.X............. 13
pstate<1>            ......................X....XXXX......... 5
D<2>                 X....XXXXXXX.X......X.X.X.X............. 13
pstate<0>            ......................X....XXXX......... 5
                    0----+----1----+----2----+----3----+----4
                              0         0         0         0
*********************************** FB2  ***********************************
Number of function block inputs used/remaining:               22/32
Number of signals used by logic mapping into function block:  22
Signal              Total   Imp   Exp Unused  Loc     Pin   Pin     Pin
Name                Pt      Pt    Pt  Pt               #    Type    Use
BnRST                 1       0     0   4     FB2_1   87    I/O     O
S1RnW                 4       0     0   1     FB2_2   94    I/O     O
nOE13                 1       0   \/2   2     FB2_3   91    I/O     O
A14ROMS               7       2<-   0   0     FB2_4   93    I/O     O
S2RnW                 9       4<-   0   0     FB2_5   95    I/O     O
nFCBx                 1       0   /\4   0     FB2_6   96    I/O     O
(unused)              0       0     0   5     FB2_7   3     GTS/I/O I
(unused)              0       0     0   5     FB2_8   97    I/O     I
(unused)              0       0     0   5     FB2_9   99    GSR/I/O I
(unused)              0       0     0   5     FB2_10  1     I/O     I
(unused)              0       0     0   5     FB2_11  4     GTS/I/O I
(unused)              0       0     0   5     FB2_12  6     I/O     I
(unused)              0       0     0   5     FB2_13  8     I/O     I
(unused)              0       0     0   5     FB2_14  9     I/O     I
nOE1                  1       0     0   4     FB2_15  11    I/O     O
nOE2                  1       0     0   4     FB2_16  10    I/O     O
(unused)              0       0     0   5     FB2_17  12    I/O     I
BRnW13                1       0     0   4     FB2_18  92    I/O     O

Signals Used by Logic in Function Block
  1: AEN                9: A<7>              16: Phi0 
  2: A<10>             10: A<9>              17: QA 
  3: A<11>             11: BEN               18: bank<0> 
  4: A<12>             12: CEN               19: bank<1> 
  5: A<13>             13: RnW               20: nPFC 
  6: A<4>              14: MJ0               21: nROE 
  7: A<5>              15: MJ1               22: nRST 
  8: A<6>             

Signal                        1         2         3         4 FB
Name                0----+----0----+----0----+----0----+----0 Inputs
BnRST                .....................X.................. 1
S1RnW                XXXXX....X..XXXXX...X................... 12
nOE13                ............X........................... 1
A14ROMS              .XXXX....X...XX.XXX.X................... 11
S2RnW                XXXXX....XX.XXXXXXX.X................... 15
nFCBx                .....XXXX..........X.................... 5
nOE1                 ............X........................... 1
nOE2                 ............X........................... 1
BRnW13               ...........XX..X........................ 3
                    0----+----1----+----2----+----3----+----4
                              0         0         0         0
*********************************** FB3  ***********************************
Number of function block inputs used/remaining:               39/15
Number of signals used by logic mapping into function block:  39
Signal              Total   Imp   Exp Unused  Loc     Pin   Pin     Pin
Name                Pt      Pt    Pt  Pt               #    Type    Use
(unused)              0       0     0   5     FB3_1   41    I/O     
D<3>                  4       0     0   1     FB3_2   32    I/O     I/O
nCE13                 1       0     0   4     FB3_3   49    I/O     O
(unused)              0       0     0   5     FB3_4   50    I/O     I
D<0>                  4       0     0   1     FB3_5   35    I/O     I/O
(unused)              0       0     0   5     FB3_6   53    I/O     
(unused)              0       0     0   5     FB3_7   54    I/O     
(unused)              0       0     0   5     FB3_8   37    I/O     I
A14ROM13              3       0     0   2     FB3_9   42    I/O     O
nNMI                  1       0     0   4     FB3_10  60    I/O     O
NMID                  2       0     0   3     FB3_11  52    I/O     (b)
bankCount<1>          3       0     0   2     FB3_12  61    I/O     I
bankCount<0>          3       0     0   2     FB3_13  63    I/O     I
bank<1>               3       0     0   2     FB3_14  55    I/O     (b)
bank<0>               3       0     0   2     FB3_15  56    I/O     (b)
CEN                   3       0     0   2     FB3_16  64    I/O     I
BEN                   4       0     0   1     FB3_17  58    I/O     I
AEN                   4       0     0   1     FB3_18  59    I/O     I

Signals Used by Logic in Function Block
  1: AEN               14: A<8>              27: D<1>.PIN 
  2: A<0>              15: A<9>              28: D<0>.PIN 
  3: A<10>             16: BEN               29: NMID 
  4: A<11>             17: CEN               30: Phi0 
  5: A<12>             18: RnW               31: QA 
  6: A<13>             19: LKD02             32: SPARE 
  7: A<1>              20: LKD13             33: bankCount<0> 
  8: A<2>              21: D<7>.PIN          34: bankCount<1> 
  9: A<3>              22: D<6>.PIN          35: nNMI1MHz 
 10: A<4>              23: D<5>.PIN          36: nPFC 
 11: A<5>              24: D<4>.PIN          37: nROE 
 12: A<6>              25: D<3>.PIN          38: nROM13 
 13: A<7>              26: D<2>.PIN          39: nRST 

Signal                        1         2         3         4 FB
Name                0----+----0----+----0----+----0----+----0 Inputs
D<3>                 .X....XXXXXXX....X......X....X.....X..X. 13
nCE13                ...............................X.....X.. 2
D<0>                 .X....XXXXXXX....X.........X.X.....X..X. 13
A14ROM13             .XXXXXXXXXXXXXX..X..XXXXXXXX....XX...XX. 27
nNMI                 ............................X........... 1
NMID                 ..................................X...X. 2
bankCount<1>         .XXXXXXXXXXXXXX..X..XXXXXXX.....XX..XXX. 27
bankCount<0>         .XXXXXXXXXXXXXX..X..XXXXXXX.....XX..XXX. 27
bank<1>              .XXXXXXXXXXXXXX..X..XXXXXXXX..X.XX..XXX. 29
bank<0>              .XXXXXXXXXXXXXX..X..XXXXXXXX..X.XX..XXX. 29
CEN                  .X....XXXXXXX...XX.................X..X. 12
BEN                  .X....XXXXXXX..X.X.X...............X..X. 13
AEN                  XX....XXXXXXX....XX................X..X. 13
                    0----+----1----+----2----+----3----+----4
                              0         0         0         0
*********************************** FB4  ***********************************
Number of function block inputs used/remaining:               17/37
Number of signals used by logic mapping into function block:  17
Signal              Total   Imp   Exp Unused  Loc     Pin   Pin     Pin
Name                Pt      Pt    Pt  Pt               #    Type    Use
(unused)              0       0     0   5     FB4_1   65    I/O     
(unused)              0       0     0   5     FB4_2   67    I/O     I
(unused)              0       0     0   5     FB4_3   71    I/O     I
BnPFC                 4       0     0   1     FB4_4   72    I/O     O
(unused)              0       0     0   5     FB4_5   68    I/O     I
B1MHz                 5       0     0   0     FB4_6   76    I/O     O
BnPFD                 1       0     0   4     FB4_7   77    I/O     O
(unused)              0       0     0   5     FB4_8   70    I/O     I
(unused)              0       0     0   5     FB4_9   66    I/O     
(unused)              0       0     0   5     FB4_10  81    I/O     
BRnW                  1       0     0   4     FB4_11  74    I/O     O
(unused)              0       0     0   5     FB4_12  82    I/O     
nSELA                 1       0     0   4     FB4_13  85    I/O     O
DIRA                  1       0     0   4     FB4_14  78    I/O     O
nSELT                 1       0     0   4     FB4_15  89    I/O     O
nSELB                 5       0     0   0     FB4_16  86    I/O     O
Phi0Out               3       0     0   2     FB4_17  90    I/O     O
BnRW                  1       0     0   4     FB4_18  79    I/O     O

Signals Used by Logic in Function Block
  1: A<4>               7: RnW               13: pstate<2> 
  2: A<5>               8: Phi0Out           14: pstate<3> 
  3: A<6>               9: Phi0              15: syncCount<0> 
  4: A<7>              10: nPFC              16: syncCount<1> 
  5: B1MHz             11: pstate<0>         17: syncCount<2> 
  6: nPFD              12: pstate<1>        

Signal                        1         2         3         4 FB
Name                0----+----0----+----0----+----0----+----0 Inputs
BnPFC                XXXX.....X.............................. 5
B1MHz                ....X...X.XXXXXXX....................... 9
BnPFD                .....X.................................. 1
BRnW                 ......X................................. 1
nSELA                XXXX....XX.............................. 6
DIRA                 ......X................................. 1
nSELT                XXXX.....X.............................. 5
nSELB                XXXX.X...X.............................. 6
Phi0Out              .......XX.XXXX.......................... 6
BnRW                 ......X................................. 1
                    0----+----1----+----2----+----3----+----4
                              0         0         0         0
*******************************  Equations  ********************************

********** Mapped Logic **********

FDCPE_A14ROM13: FDCPE port map (A14ROM13,D(0).PIN,NOT Phi0,NOT nRST,'0',A14ROM13_CE);
A14ROM13_CE <= (NOT RnW AND A(7) AND A(6) AND A(4) AND A(2) AND A(1) AND 
	A(0) AND A(3) AND A(13) AND A(11) AND A(10) AND D(4).PIN AND 
	D(2).PIN AND D(1).PIN AND A(9) AND A(8) AND A(5) AND NOT nROM13 AND 
	D(7).PIN AND NOT D(3).PIN AND NOT D(5).PIN AND NOT D(6).PIN AND NOT A(12) AND 
	NOT bankCount(0) AND bankCount(1));


A14ROMS <= NOT (((NOT A(11) AND NOT A(10) AND NOT QA AND NOT nROE AND NOT MJ1 AND MJ0)
	OR (NOT A(11) AND NOT A(9) AND NOT QA AND NOT nROE AND NOT MJ1 AND MJ0)
	OR (NOT A(13) AND NOT QA AND NOT nROE AND NOT MJ1)
	OR (NOT QA AND NOT bank(0) AND NOT nROE AND MJ1)
	OR (NOT QA AND NOT nROE AND NOT A(12) AND NOT MJ1)
	OR (NOT QA AND NOT nROE AND MJ1 AND NOT MJ0)
	OR (QA AND NOT bank(1) AND NOT nROE AND MJ1 AND MJ0)));

FTCPE_AEN: FTCPE port map (AEN,AEN_T,NOT Phi0,NOT nRST,'0');
AEN_T <= ((NOT LKD02 AND NOT AEN)
	OR (NOT RnW AND A(7) AND A(6) AND A(4) AND A(2) AND NOT A(1) AND 
	NOT A(0) AND A(3) AND NOT A(5) AND NOT nPFC AND NOT AEN)
	OR (NOT RnW AND A(7) AND A(6) AND A(4) AND A(2) AND NOT A(1) AND 
	A(0) AND A(3) AND NOT A(5) AND NOT nPFC AND LKD02 AND AEN));

FDCPE_B1MHz: FDCPE port map (B1MHz,B1MHz_D,NOT CLK16MHz,'0','0');
B1MHz_D <= ((NOT B1MHz AND NOT syncCount(0))
	OR (NOT B1MHz AND NOT syncCount(1))
	OR (NOT B1MHz AND NOT syncCount(2))
	OR (B1MHz AND syncCount(0) AND syncCount(1) AND 
	syncCount(2))
	OR (NOT Phi0 AND pstate(1) AND pstate(2) AND pstate(0) AND 
	NOT pstate(3)));

FTCPE_BEN: FTCPE port map (BEN,BEN_T,NOT Phi0,NOT nRST,'0');
BEN_T <= ((NOT LKD13 AND NOT BEN)
	OR (NOT RnW AND A(7) AND A(6) AND A(4) AND A(2) AND A(1) AND 
	NOT A(0) AND A(3) AND NOT A(5) AND NOT nPFC AND NOT BEN)
	OR (NOT RnW AND A(7) AND A(6) AND A(4) AND A(2) AND A(1) AND 
	A(0) AND A(3) AND NOT A(5) AND NOT nPFC AND LKD13 AND BEN));


BRnW <= RnW;


BRnW13 <= NOT ((NOT RnW AND Phi0 AND CEN));


BnPFC <= NOT (((NOT A(7) AND NOT A(6) AND NOT nPFC)
	OR (NOT A(6) AND NOT A(4) AND NOT nPFC)
	OR (NOT A(7) AND NOT A(4) AND NOT A(5) AND NOT nPFC)
	OR (A(7) AND A(6) AND A(4) AND A(5) AND NOT nPFC)));


BnPFD <= nPFD;


BnRST_I <= '0';
BnRST <= BnRST_I when BnRST_OE = '1' else 'Z';
BnRST_OE <= NOT nRST;


BnRW <= NOT RnW;

FTCPE_CEN: FTCPE port map (CEN,CEN_T,NOT Phi0,NOT nRST,'0');
CEN_T <= ((NOT RnW AND A(7) AND A(6) AND A(4) AND NOT A(2) AND A(1) AND 
	A(0) AND A(3) AND NOT A(5) AND NOT nPFC AND CEN)
	OR (NOT RnW AND A(7) AND A(6) AND A(4) AND NOT A(2) AND A(1) AND 
	NOT A(0) AND A(3) AND NOT A(5) AND NOT nPFC AND NOT CEN));

FDCPE_D0: FDCPE port map (D_I(0),D(0).PIN,NOT Phi0,'0',NOT nRST,D_CE(0));
D_CE(0) <= (NOT RnW AND A(7) AND A(6) AND A(4) AND A(2) AND A(1) AND 
	A(0) AND NOT A(3) AND NOT A(5) AND NOT nPFC);
D(0) <= D_I(0) when D_OE(0) = '1' else 'Z';
D_OE(0) <= (RnW AND Phi0 AND A(7) AND A(6) AND A(4) AND A(2) AND 
	A(1) AND A(0) AND NOT A(3) AND NOT A(5) AND NOT nPFC);

FDCPE_D1: FDCPE port map (D_I(1),D(1).PIN,NOT Phi0,NOT nRST,'0',D_CE(1));
D_CE(1) <= (NOT RnW AND A(7) AND A(6) AND A(4) AND A(2) AND A(1) AND 
	A(0) AND NOT A(3) AND NOT A(5) AND NOT nPFC);
D(1) <= D_I(1) when D_OE(1) = '1' else 'Z';
D_OE(1) <= (RnW AND Phi0 AND A(7) AND A(6) AND A(4) AND A(2) AND 
	A(1) AND A(0) AND NOT A(3) AND NOT A(5) AND NOT nPFC);

FDCPE_D2: FDCPE port map (D_I(2),D(2).PIN,NOT Phi0,'0',NOT nRST,D_CE(2));
D_CE(2) <= (NOT RnW AND A(7) AND A(6) AND A(4) AND A(2) AND A(1) AND 
	A(0) AND NOT A(3) AND NOT A(5) AND NOT nPFC);
D(2) <= D_I(2) when D_OE(2) = '1' else 'Z';
D_OE(2) <= (RnW AND Phi0 AND A(7) AND A(6) AND A(4) AND A(2) AND 
	A(1) AND A(0) AND NOT A(3) AND NOT A(5) AND NOT nPFC);

FDCPE_D3: FDCPE port map (D_I(3),D(3).PIN,NOT Phi0,NOT nRST,'0',D_CE(3));
D_CE(3) <= (NOT RnW AND A(7) AND A(6) AND A(4) AND A(2) AND A(1) AND 
	A(0) AND NOT A(3) AND NOT A(5) AND NOT nPFC);
D(3) <= D_I(3) when D_OE(3) = '1' else 'Z';
D_OE(3) <= (RnW AND Phi0 AND A(7) AND A(6) AND A(4) AND A(2) AND 
	A(1) AND A(0) AND NOT A(3) AND NOT A(5) AND NOT nPFC);

FDCPE_D4: FDCPE port map (D_I(4),D(4).PIN,NOT Phi0,'0',NOT nRST,D_CE(4));
D_CE(4) <= (NOT RnW AND A(7) AND A(6) AND A(4) AND A(2) AND A(1) AND 
	A(0) AND NOT A(3) AND NOT A(5) AND NOT nPFC);
D(4) <= D_I(4) when D_OE(4) = '1' else 'Z';
D_OE(4) <= (RnW AND Phi0 AND A(7) AND A(6) AND A(4) AND A(2) AND 
	A(1) AND A(0) AND NOT A(3) AND NOT A(5) AND NOT nPFC);

FDCPE_D5: FDCPE port map (D_I(5),D(5).PIN,NOT Phi0,NOT nRST,'0',D_CE(5));
D_CE(5) <= (NOT RnW AND A(7) AND A(6) AND A(4) AND A(2) AND A(1) AND 
	A(0) AND NOT A(3) AND NOT A(5) AND NOT nPFC);
D(5) <= D_I(5) when D_OE(5) = '1' else 'Z';
D_OE(5) <= (RnW AND Phi0 AND A(7) AND A(6) AND A(4) AND A(2) AND 
	A(1) AND A(0) AND NOT A(3) AND NOT A(5) AND NOT nPFC);

FDCPE_D6: FDCPE port map (D_I(6),D(6).PIN,NOT Phi0,NOT nRST,'0',D_CE(6));
D_CE(6) <= (NOT RnW AND A(7) AND A(6) AND A(4) AND A(2) AND A(1) AND 
	A(0) AND NOT A(3) AND NOT A(5) AND NOT nPFC);
D(6) <= D_I(6) when D_OE(6) = '1' else 'Z';
D_OE(6) <= (RnW AND Phi0 AND A(7) AND A(6) AND A(4) AND A(2) AND 
	A(1) AND A(0) AND NOT A(3) AND NOT A(5) AND NOT nPFC);

FDCPE_D7: FDCPE port map (D_I(7),D(7).PIN,NOT Phi0,'0',NOT nRST,D_CE(7));
D_CE(7) <= (NOT RnW AND A(7) AND A(6) AND A(4) AND A(2) AND A(1) AND 
	A(0) AND NOT A(3) AND NOT A(5) AND NOT nPFC);
D(7) <= D_I(7) when D_OE(7) = '1' else 'Z';
D_OE(7) <= (RnW AND Phi0 AND A(7) AND A(6) AND A(4) AND A(2) AND 
	A(1) AND A(0) AND NOT A(3) AND NOT A(5) AND NOT nPFC);


DIRA <= RnW;

FDCPE_NMID: FDCPE port map (NMID,NOT nNMI1MHz,NOT Phi0,NOT nRST,'0');

FTCPE_Phi0Out: FTCPE port map (Phi0Out,Phi0Out_T,NOT CLK16MHz,'0','0');
Phi0Out_T <= ((NOT Phi0 AND Phi0Out AND pstate(2) AND NOT pstate(3))
	OR (NOT Phi0 AND Phi0Out AND pstate(1) AND pstate(0) AND 
	NOT pstate(3))
	OR (NOT Phi0Out AND pstate(1) AND NOT pstate(2) AND pstate(0) AND 
	pstate(3)));


S1RnW <= NOT (((NOT RnW AND Phi0 AND NOT QA AND NOT nROE AND AEN AND MJ1 AND MJ0)
	OR (NOT RnW AND Phi0 AND A(13) AND A(11) AND NOT QA AND NOT nROE AND 
	A(12) AND NOT MJ1)
	OR (NOT RnW AND Phi0 AND A(13) AND NOT QA AND NOT nROE AND A(12) AND NOT MJ1 AND 
	NOT MJ0)
	OR (NOT RnW AND Phi0 AND A(13) AND A(10) AND A(9) AND NOT QA AND 
	NOT nROE AND A(12) AND NOT MJ1)));


S2RnW <= NOT (((NOT RnW AND Phi0 AND QA AND NOT nROE AND BEN AND MJ1)
	OR (NOT RnW AND Phi0 AND NOT QA AND NOT nROE AND AEN AND MJ1 AND NOT MJ0)
	OR (NOT A(11) AND NOT A(10) AND NOT QA AND bank(0) AND NOT nROE AND NOT MJ1 AND 
	MJ0)
	OR (NOT A(11) AND NOT A(9) AND NOT QA AND bank(0) AND NOT nROE AND NOT MJ1 AND 
	MJ0)
	OR (QA AND bank(1) AND NOT nROE AND NOT MJ1)
	OR (QA AND bank(1) AND NOT nROE AND NOT MJ0)
	OR (NOT A(13) AND NOT QA AND bank(0) AND NOT nROE AND NOT MJ1)
	OR (NOT QA AND bank(0) AND NOT nROE AND NOT A(12) AND NOT MJ1)
	OR (NOT QA AND bank(0) AND NOT nROE AND MJ1 AND NOT MJ0)));

FDCPE_bank0: FDCPE port map (bank(0),D(0).PIN,NOT Phi0,NOT nRST,'0',bank_CE(0));
bank_CE(0) <= (NOT RnW AND A(7) AND A(6) AND A(4) AND A(2) AND A(1) AND 
	A(0) AND A(3) AND A(13) AND A(11) AND A(10) AND D(4).PIN AND 
	D(2).PIN AND D(1).PIN AND A(9) AND A(8) AND A(5) AND nROM13 AND 
	D(7).PIN AND NOT QA AND NOT D(3).PIN AND NOT D(5).PIN AND NOT D(6).PIN AND NOT nROE AND 
	NOT A(12) AND NOT bankCount(0) AND bankCount(1));

FDCPE_bank1: FDCPE port map (bank(1),D(0).PIN,NOT Phi0,NOT nRST,'0',bank_CE(1));
bank_CE(1) <= (NOT RnW AND A(7) AND A(6) AND A(4) AND A(2) AND A(1) AND 
	A(0) AND A(3) AND A(13) AND A(11) AND A(10) AND D(4).PIN AND 
	D(2).PIN AND D(1).PIN AND A(9) AND A(8) AND A(5) AND nROM13 AND 
	D(7).PIN AND QA AND NOT D(3).PIN AND NOT D(5).PIN AND NOT D(6).PIN AND NOT nROE AND 
	NOT A(12) AND NOT bankCount(0) AND bankCount(1));

FDCPE_bankCount0: FDCPE port map (bankCount(0),bankCount_D(0),NOT Phi0,'0','0',bankCount_CE(0));
bankCount_D(0) <= ((A(7) AND A(6) AND A(4) AND A(2) AND A(1) AND A(0) AND 
	A(3) AND A(13) AND A(11) AND A(10) AND D(4).PIN AND D(2).PIN AND 
	D(1).PIN AND A(9) AND A(8) AND A(5) AND NOT nROM13 AND D(7).PIN AND 
	NOT D(3).PIN AND NOT D(5).PIN AND NOT D(6).PIN AND NOT A(12) AND NOT bankCount(0) AND 
	NOT bankCount(1))
	OR (A(7) AND A(6) AND A(4) AND A(2) AND A(1) AND A(0) AND 
	A(3) AND A(13) AND A(11) AND A(10) AND D(4).PIN AND D(2).PIN AND 
	D(1).PIN AND A(9) AND A(8) AND A(5) AND D(7).PIN AND NOT D(3).PIN AND 
	NOT D(5).PIN AND NOT D(6).PIN AND NOT nROE AND NOT A(12) AND NOT bankCount(0) AND 
	NOT bankCount(1)));
bankCount_CE(0) <= (NOT RnW AND nRST);

FDCPE_bankCount1: FDCPE port map (bankCount(1),bankCount_D(1),NOT Phi0,'0','0',bankCount_CE(1));
bankCount_D(1) <= ((A(7) AND A(6) AND A(4) AND A(2) AND A(1) AND A(0) AND 
	A(3) AND A(13) AND A(11) AND A(10) AND D(4).PIN AND D(2).PIN AND 
	D(1).PIN AND A(9) AND A(8) AND A(5) AND NOT nROM13 AND D(7).PIN AND 
	NOT D(3).PIN AND NOT D(5).PIN AND NOT D(6).PIN AND NOT A(12) AND bankCount(0) AND 
	NOT bankCount(1))
	OR (A(7) AND A(6) AND A(4) AND A(2) AND A(1) AND A(0) AND 
	A(3) AND A(13) AND A(11) AND A(10) AND D(4).PIN AND D(2).PIN AND 
	D(1).PIN AND A(9) AND A(8) AND A(5) AND D(7).PIN AND NOT D(3).PIN AND 
	NOT D(5).PIN AND NOT D(6).PIN AND NOT nROE AND NOT A(12) AND bankCount(0) AND 
	NOT bankCount(1)));
bankCount_CE(1) <= (NOT RnW AND nRST);


nCE1 <= NOT (((NOT QA AND NOT nROE AND MJ1 AND MJ0)
	OR (A(13) AND A(11) AND NOT QA AND NOT nROE AND A(12) AND NOT MJ1)
	OR (A(13) AND NOT QA AND NOT nROE AND A(12) AND NOT MJ1 AND NOT MJ0)
	OR (A(13) AND A(10) AND A(9) AND NOT QA AND NOT nROE AND A(12) AND 
	NOT MJ1)));


nCE13 <= NOT ((NOT nROM13 AND SPARE));


nCE2 <= ((nROE)
	OR (NOT QA AND MJ1 AND MJ0)
	OR (A(13) AND A(11) AND NOT QA AND A(12) AND MJ0)
	OR (A(13) AND NOT QA AND A(12) AND NOT MJ1 AND NOT MJ0)
	OR (A(13) AND A(10) AND A(9) AND NOT QA AND A(12) AND MJ0));


nFCBx <= NOT ((A(7) AND NOT A(6) AND A(4) AND A(5) AND NOT nPFC));


nNMI_I <= '0';
nNMI <= nNMI_I when nNMI_OE = '1' else 'Z';
nNMI_OE <= NMID;


nOE1 <= NOT RnW;


nOE13 <= NOT RnW;


nOE2 <= NOT RnW;


nSELA <= NOT ((Phi0 AND A(7) AND A(6) AND NOT A(4) AND A(5) AND NOT nPFC));


nSELB <= NOT (((NOT nPFD)
	OR (NOT A(7) AND NOT A(6) AND NOT nPFC)
	OR (NOT A(6) AND NOT A(4) AND NOT nPFC)
	OR (NOT A(7) AND NOT A(4) AND NOT A(5) AND NOT nPFC)
	OR (A(7) AND A(6) AND A(4) AND A(5) AND NOT nPFC)));


nSELT <= NOT ((A(7) AND A(6) AND NOT A(4) AND A(5) AND NOT nPFC));

FDCPE_pstate0: FDCPE port map (pstate(0),pstate_D(0),NOT CLK16MHz,'0','0');
pstate_D(0) <= ((NOT pstate(2) AND NOT pstate(0) AND pstate(3))
	OR (Phi0 AND pstate(1) AND pstate(2) AND NOT pstate(3))
	OR (Phi0 AND NOT pstate(1) AND NOT pstate(2) AND NOT pstate(3))
	OR (Phi0 AND NOT pstate(1) AND NOT pstate(0) AND NOT pstate(3)));

FDCPE_pstate1: FDCPE port map (pstate(1),pstate_D(1),NOT CLK16MHz,'0','0');
pstate_D(1) <= ((Phi0 AND pstate(1) AND pstate(2) AND NOT pstate(3))
	OR (Phi0 AND NOT pstate(1) AND pstate(0) AND NOT pstate(3))
	OR (pstate(1) AND NOT pstate(2) AND NOT pstate(0) AND pstate(3))
	OR (NOT pstate(1) AND NOT pstate(2) AND pstate(0) AND pstate(3)));

FDCPE_pstate2: FDCPE port map (pstate(2),pstate_D(2),NOT CLK16MHz,'0','0');
pstate_D(2) <= ((Phi0 AND pstate(2) AND NOT pstate(3))
	OR (Phi0 AND pstate(1) AND pstate(0) AND NOT pstate(3)));

FTCPE_pstate3: FTCPE port map (pstate(3),pstate_T(3),NOT CLK16MHz,'0','0');
pstate_T(3) <= ((Phi0 AND NOT pstate(3))
	OR (NOT pstate(1) AND NOT pstate(2))
	OR (NOT pstate(2) AND NOT pstate(0)));

FTCPE_syncCount0: FTCPE port map (syncCount(0),syncCount_T(0),NOT CLK16MHz,'0','0');
syncCount_T(0) <= (NOT Phi0 AND pstate(1) AND pstate(2) AND pstate(0) AND 
	NOT pstate(3) AND NOT syncCount(0));

FDCPE_syncCount1: FDCPE port map (syncCount(1),syncCount_D(1),NOT CLK16MHz,'0','0');
syncCount_D(1) <= ((syncCount(0) AND syncCount(1))
	OR (NOT syncCount(0) AND NOT syncCount(1))
	OR (NOT Phi0 AND pstate(1) AND pstate(2) AND pstate(0) AND 
	NOT pstate(3)));

FDCPE_syncCount2: FDCPE port map (syncCount(2),syncCount_D(2),NOT CLK16MHz,'0','0');
syncCount_D(2) <= ((NOT syncCount(0) AND NOT syncCount(2))
	OR (NOT syncCount(1) AND NOT syncCount(2))
	OR (syncCount(0) AND syncCount(1) AND syncCount(2))
	OR (NOT Phi0 AND pstate(1) AND pstate(2) AND pstate(0) AND 
	NOT pstate(3)));

Register Legend:
 FDCPE (Q,D,C,CLR,PRE,CE); 
 FTCPE (Q,D,C,CLR,PRE,CE); 
 LDCP  (Q,D,G,CLR,PRE); 

******************************  Device Pin Out *****************************

Device : XC9572XL-5-TQ100


   --------------------------------------------------  
  /100 98  96  94  92  90  88  86  84  82  80  78  76  \
 |   99  97  95  93  91  89  87  85  83  81  79  77    |
 | 1                                               75  | 
 | 2                                               74  | 
 | 3                                               73  | 
 | 4                                               72  | 
 | 5                                               71  | 
 | 6                                               70  | 
 | 7                                               69  | 
 | 8                                               68  | 
 | 9                                               67  | 
 | 10                                              66  | 
 | 11                                              65  | 
 | 12                                              64  | 
 | 13               XC9572XL-5-TQ100               63  | 
 | 14                                              62  | 
 | 15                                              61  | 
 | 16                                              60  | 
 | 17                                              59  | 
 | 18                                              58  | 
 | 19                                              57  | 
 | 20                                              56  | 
 | 21                                              55  | 
 | 22                                              54  | 
 | 23                                              53  | 
 | 24                                              52  | 
 | 25                                              51  | 
 |   27  29  31  33  35  37  39  41  43  45  47  49    |
  \26  28  30  32  34  36  38  40  42  44  46  48  50  /
   --------------------------------------------------  


Pin Signal                         Pin Signal                        
No. Name                           No. Name                          
  1 A<8>                             51 VCC                           
  2 NC                               52 KPR                           
  3 A<6>                             53 KPR                           
  4 A<9>                             54 KPR                           
  5 VCC                              55 KPR                           
  6 A<5>                             56 KPR                           
  7 NC                               57 VCC                           
  8 A<11>                            58 nROE                          
  9 A<4>                             59 nRST                          
 10 nOE2                             60 nNMI                          
 11 nOE1                             61 nPFC                          
 12 A<10>                            62 GND                           
 13 nCE1                             63 nPFD                          
 14 nCE2                             64 QA                            
 15 A<1>                             65 KPR                           
 16 D<7>                             66 KPR                           
 17 A<0>                             67 MJ0                           
 18 D<6>                             68 MJ1                           
 19 NC                               69 GND                           
 20 A<3>                             70 SPARE                         
 21 GND                              71 nNMI1MHz                      
 22 RnW                              72 BnPFC                         
 23 CLK16MHz                         73 NC                            
 24 NC                               74 BRnW                          
 25 D<5>                             75 GND                           
 26 VCC                              76 B1MHz                         
 27 Phi0                             77 BnPFD                         
 28 D<1>                             78 DIRA                          
 29 D<4>                             79 BnRW                          
 30 D<2>                             80 NC                            
 31 GND                              81 KPR                           
 32 D<3>                             82 KPR                           
 33 A<2>                             83 TDO                           
 34 NC                               84 GND                           
 35 D<0>                             85 nSELA                         
 36 LKD13                            86 nSELB                         
 37 LKD02                            87 BnRST                         
 38 VCC                              88 VCC                           
 39 KPR                              89 nSELT                         
 40 A<12>                            90 Phi0Out                       
 41 KPR                              91 nOE13                         
 42 A14ROM13                         92 BRnW13                        
 43 NC                               93 A14ROMS                       
 44 GND                              94 S1RnW                         
 45 TDI                              95 S2RnW                         
 46 NC                               96 nFCBx                         
 47 TMS                              97 A<13>                         
 48 TCK                              98 VCC                           
 49 nCE13                            99 A<7>                          
 50 nROM13                          100 GND                           


Legend :  NC  = Not Connected, unbonded pin
         PGND = Unused I/O configured as additional Ground pin
         TIE  = Unused I/O floating -- must tie to VCC, GND or other signal
         KPR  = Unused I/O with weak keeper (leave unconnected)
         VCC  = Dedicated Power Pin
         GND  = Dedicated Ground Pin
         TDI  = Test Data In, JTAG pin
         TDO  = Test Data Out, JTAG pin
         TCK  = Test Clock, JTAG pin
         TMS  = Test Mode Select, JTAG pin
  PROHIBITED  = User reserved pin
****************************  Compiler Options  ****************************

Following is a list of all global compiler options used by the fitter run.

Device(s) Specified                         : xc9572xl-5-TQ100
Optimization Method                         : SPEED
Multi-Level Logic Optimization              : ON
Ignore Timing Specifications                : OFF
Default Register Power Up Value             : LOW
Keep User Location Constraints              : ON
What-You-See-Is-What-You-Get                : OFF
Exhaustive Fitting                          : OFF
Keep Unused Inputs                          : OFF
Slew Rate                                   : SLOW
Power Mode                                  : LOW
Ground on Unused IOs                        : OFF
Set I/O Pin Termination                     : KEEPER
Global Clock Optimization                   : ON
Global Set/Reset Optimization               : ON
Global Ouput Enable Optimization            : ON
Input Limit                                 : 54
Pterm Limit                                 : 25
